<?xml version="1.0" encoding="UTF-8"?>
<testng-results ignored="4" total="5" passed="0" failed="1" skipped="0">
  <reporter-output>
  </reporter-output>
  <suite started-at="2023-01-19T01:59:45 IST" name="Suite" finished-at="2023-01-19T01:59:54 IST" duration-ms="8807">
    <groups>
    </groups>
    <test started-at="2023-01-19T01:59:45 IST" name="Test" finished-at="2023-01-19T01:59:54 IST" duration-ms="8807">
      <class name="Test.TestCase">
        <test-method is-config="true" signature="setBrowser(java.lang.String)[pri:0, instance:Test.TestCase@5b12b668]" started-at="2023-01-19T01:59:45 IST" name="setBrowser" finished-at="2023-01-19T01:59:53 IST" duration-ms="8111" status="PASS">
          <params>
            <param index="0">
              <value>
                <![CDATA[EdgeDriver]]>
              </value>
            </param>
          </params>
          <reporter-output>
          </reporter-output>
        </test-method> <!-- setBrowser -->
        <test-method signature="VFTC4()[pri:1, instance:Test.TestCase@5b12b668]" started-at="2023-01-19T01:59:53 IST" name="VFTC4" finished-at="2023-01-19T01:59:53 IST" duration-ms="96" status="FAIL">
          <exception class="java.lang.IllegalArgumentException">
            <message>
              <![CDATA[bound must be positive]]>
            </message>
            <full-stacktrace>
              <![CDATA[java.lang.IllegalArgumentException: bound must be positive
at java.base/java.util.Random.nextInt(Random.java:321)
at Core.SeleniumFunctions.anyItem(SeleniumFunctions.java:156)
at Page.VFhomepage.randomDropdownValGenerator(VFhomepage.java:74)
at Page.VFhomepage.verifyfilterFunctionality(VFhomepage.java:47)
at Test.TestCase.VFTC4(TestCase.java:33)
at java.base/jdk.internal.reflect.DirectMethodHandleAccessor.invoke(DirectMethodHandleAccessor.java:104)
at java.base/java.lang.reflect.Method.invoke(Method.java:577)
at org.testng.internal.invokers.MethodInvocationHelper.invokeMethod(MethodInvocationHelper.java:139)
at org.testng.internal.invokers.TestInvoker.invokeMethod(TestInvoker.java:677)
at org.testng.internal.invokers.TestInvoker.invokeTestMethod(TestInvoker.java:221)
at org.testng.internal.invokers.MethodRunner.runInSequence(MethodRunner.java:50)
at org.testng.internal.invokers.TestInvoker$MethodInvocationAgent.invoke(TestInvoker.java:969)
at org.testng.internal.invokers.TestInvoker.invokeTestMethods(TestInvoker.java:194)
at org.testng.internal.invokers.TestMethodWorker.invokeTestMethods(TestMethodWorker.java:148)
at org.testng.internal.invokers.TestMethodWorker.run(TestMethodWorker.java:128)
at java.base/java.util.ArrayList.forEach(ArrayList.java:1511)
at org.testng.TestRunner.privateRun(TestRunner.java:829)
at org.testng.TestRunner.run(TestRunner.java:602)
at org.testng.SuiteRunner.runTest(SuiteRunner.java:437)
at org.testng.SuiteRunner.runSequentially(SuiteRunner.java:431)
at org.testng.SuiteRunner.privateRun(SuiteRunner.java:391)
at org.testng.SuiteRunner.run(SuiteRunner.java:330)
at org.testng.SuiteRunnerWorker.runSuite(SuiteRunnerWorker.java:52)
at org.testng.SuiteRunnerWorker.run(SuiteRunnerWorker.java:95)
at org.testng.TestNG.runSuitesSequentially(TestNG.java:1256)
at org.testng.TestNG.runSuitesLocally(TestNG.java:1176)
at org.testng.TestNG.runSuites(TestNG.java:1099)
at org.testng.TestNG.run(TestNG.java:1067)
at org.testng.remote.AbstractRemoteTestNG.run(AbstractRemoteTestNG.java:115)
at org.testng.remote.RemoteTestNG.initAndRun(RemoteTestNG.java:251)
at org.testng.remote.RemoteTestNG.main(RemoteTestNG.java:77)
]]>
            </full-stacktrace>
          </exception> <!-- java.lang.IllegalArgumentException -->
          <reporter-output>
          </reporter-output>
        </test-method> <!-- VFTC4 -->
        <test-method is-config="true" signature="teardown()[pri:0, instance:Test.TestCase@5b12b668]" started-at="2023-01-19T01:59:53 IST" name="teardown" finished-at="2023-01-19T01:59:54 IST" duration-ms="444" status="PASS">
          <reporter-output>
          </reporter-output>
        </test-method> <!-- teardown -->
      </class> <!-- Test.TestCase -->
    </test> <!-- Test -->
  </suite> <!-- Suite -->
</testng-results>
