<?xml version="1.0" encoding="UTF-8"?>
<!-- Generated by org.testng.reporters.JUnitXMLReporter -->
<testsuite ignored="4" hostname="DESKTOP-8U2QFS4" failures="1" tests="1" name="Test" time="8.807" errors="0" timestamp="2023-01-19T01:59:54 IST">
  <testcase classname="Test.TestCase" name="VFTC4" time="0.096">
    <failure type="java.lang.IllegalArgumentException" message="bound must be positive">
      <![CDATA[java.lang.IllegalArgumentException: bound must be positive
at java.base/java.util.Random.nextInt(Random.java:321)
at Core.SeleniumFunctions.anyItem(SeleniumFunctions.java:156)
at Page.VFhomepage.randomDropdownValGenerator(VFhomepage.java:74)
at Page.VFhomepage.verifyfilterFunctionality(VFhomepage.java:47)
at Test.TestCase.VFTC4(TestCase.java:33)
at java.base/java.util.ArrayList.forEach(ArrayList.java:1511)
... Removed 25 stack frames]]>
    </failure>
  </testcase> <!-- VFTC4 -->
  <testcase classname="Test.TestCase" name="VFTC3" time="0.0">
    <ignored/>
  </testcase> <!-- VFTC3 -->
  <testcase classname="Test.TestCase" name="VFTC2" time="0.0">
    <ignored/>
  </testcase> <!-- VFTC2 -->
  <testcase classname="Test.TestCase" name="VFTC1" time="0.0">
    <ignored/>
  </testcase> <!-- VFTC1 -->
  <testcase classname="Test.TestCase" name="VFTC5" time="0.0">
    <ignored/>
  </testcase> <!-- VFTC5 -->
</testsuite> <!-- Test -->
